<?xml version="1.0" encoding="UTF-8"?>
<!-- Generated by org.testng.reporters.JUnitReportReporter -->
<testsuite hostname="DESKTOP-5EDR21H" failures="0" tests="2" name="testcase.PerfumeFilterTestcase" time="30.792" errors="0" timestamp="2024-06-20T21:59:50 CEST" skipped="0">
  <testcase classname="testcase.PerfumeFilterTestcase" name="parfum" time="13.238"/>
  <testcase classname="testcase.PerfumeFilterTestcase" name="parfum" time="17.554"/>
</testsuite> <!-- testcase.PerfumeFilterTestcase -->
