<?xml version="1.0" encoding="UTF-8"?>
<!-- Generated by org.testng.reporters.JUnitReportReporter -->
<testsuite hostname="DESKTOP-5EDR21H" failures="0" tests="2" name="testcase.FirstTestcase" time="27.114" errors="0" timestamp="2024-06-20T16:32:26 CEST" skipped="0">
  <testcase classname="testcase.FirstTestcase" name="parfum" time="13.809"/>
  <testcase classname="testcase.FirstTestcase" name="parfum" time="13.305"/>
</testsuite> <!-- testcase.FirstTestcase -->
